<?xml version="1.0" encoding="UTF-8"?>
<!-- Generated by org.testng.reporters.JUnitReportReporter -->
<testsuite hostname="1_2_TASTE" failures="0" tests="2" name="org.TestRunner.Runner" time="2.134" errors="0" timestamp="2023-08-25T09:47:13 IST" skipped="1">
  <testcase classname="org.TestRunner.Runner" name="Login" time="2.134"/>
  <testcase classname="org.TestRunner.Runner" name="linkcount">
    <skipped/>
  </testcase> <!-- linkcount -->
</testsuite> <!-- org.TestRunner.Runner -->
