<?xml version="1.0" encoding="UTF-8"?>
<!-- Generated by org.testng.reporters.JUnitReportReporter -->
<testsuite hostname="1_2_TASTE" failures="0" tests="2" name="org.Excel.Search" time="34.808" errors="0" timestamp="2023-08-03T15:45:10 IST" skipped="1">
  <testcase classname="org.Excel.Search" name="string" time="34.808"/>
  <testcase classname="org.Excel.Search" name="Numeric">
    <skipped/>
  </testcase> <!-- Numeric -->
</testsuite> <!-- org.Excel.Search -->
