<?xml version="1.0" encoding="UTF-8"?>
<!-- Generated by org.testng.reporters.JUnitReportReporter -->
<testsuite hostname="1_2_TASTE" failures="0" tests="1" name="taste.TestBase.Setup" time="0.723" errors="0" timestamp="2024-06-11T11:34:03 IST" skipped="0">
  <testcase classname="taste.TestBase.Setup" name="closeDriver" time="0.723"/>
  <system-out/>
</testsuite> <!-- taste.TestBase.Setup -->
