<?xml version="1.0" encoding="UTF-8"?>
<!-- Generated by org.testng.reporters.JUnitReportReporter -->
<testsuite hostname="1_2_TASTE" failures="0" tests="6" name="taste.Runner.CartPageTest" time="0.000" errors="0" timestamp="2024-06-10T11:22:38 IST" skipped="6">
  <testcase classname="taste.Runner.CartPageTest" name="CartpageTest5" time="0.000">
    <skipped/>
  </testcase> <!-- CartpageTest5 -->
  <system-out/>
  <testcase classname="taste.Runner.CartPageTest" name="CartpageTest1" time="0.000">
    <skipped/>
  </testcase> <!-- CartpageTest1 -->
  <system-out/>
  <testcase classname="taste.Runner.CartPageTest" name="CartpageTest3" time="0.000">
    <skipped/>
  </testcase> <!-- CartpageTest3 -->
  <system-out/>
  <testcase classname="taste.Runner.CartPageTest" name="CartpageTest2" time="0.000">
    <skipped/>
  </testcase> <!-- CartpageTest2 -->
  <system-out/>
  <testcase classname="taste.Runner.CartPageTest" name="CartpageTest4" time="0.000">
    <skipped/>
  </testcase> <!-- CartpageTest4 -->
  <system-out/>
  <testcase classname="taste.Runner.CartPageTest" name="CartpageTest6" time="0.000">
    <skipped/>
  </testcase> <!-- CartpageTest6 -->
  <system-out/>
</testsuite> <!-- taste.Runner.CartPageTest -->
