<?xml version="1.0" encoding="UTF-8"?>
<!-- Generated by org.testng.reporters.JUnitReportReporter -->
<testsuite hostname="1_2_TASTE" failures="0" tests="10" name="taste.Runner.ProductPageTest" time="0.000" errors="1" timestamp="2024-06-09T17:09:21 IST" skipped="9">
  <testcase classname="taste.Runner.ProductPageTest" name="be4method" time="0.000">
    <error message="Cannot invoke &quot;com.aventstack.extentreports.ExtentReports.createTest(String)&quot; because &quot;this.extent&quot; is null" type="java.lang.NullPointerException">
      <![CDATA[java.lang.NullPointerException: Cannot invoke "com.aventstack.extentreports.ExtentReports.createTest(String)" because "this.extent" is null
at taste.TestBase.BaseClass.be4method(BaseClass.java:57)
at java.base/jdk.internal.reflect.DirectMethodHandleAccessor.invoke(DirectMethodHandleAccessor.java:103)
at java.base/java.lang.reflect.Method.invoke(Method.java:580)
at org.testng.internal.MethodInvocationHelper.invokeMethod(MethodInvocationHelper.java:133)
at org.testng.internal.MethodInvocationHelper.invokeMethodConsideringTimeout(MethodInvocationHelper.java:62)
at org.testng.internal.ConfigInvoker.invokeConfigurationMethod(ConfigInvoker.java:385)
at org.testng.internal.ConfigInvoker.invokeConfigurations(ConfigInvoker.java:321)
at org.testng.internal.TestInvoker.runConfigMethods(TestInvoker.java:700)
at org.testng.internal.TestInvoker.invokeMethod(TestInvoker.java:527)
at org.testng.internal.TestInvoker.invokeTestMethod(TestInvoker.java:173)
at org.testng.internal.MethodRunner.runInSequence(MethodRunner.java:46)
at org.testng.internal.TestInvoker$MethodInvocationAgent.invoke(TestInvoker.java:824)
at org.testng.internal.TestInvoker.invokeTestMethods(TestInvoker.java:146)
at org.testng.internal.TestMethodWorker.invokeTestMethods(TestMethodWorker.java:146)
at org.testng.internal.TestMethodWorker.run(TestMethodWorker.java:128)
at java.base/java.util.ArrayList.forEach(ArrayList.java:1596)
at org.testng.TestRunner.privateRun(TestRunner.java:794)
at org.testng.TestRunner.run(TestRunner.java:596)
at org.testng.SuiteRunner.runTest(SuiteRunner.java:377)
at org.testng.SuiteRunner.runSequentially(SuiteRunner.java:371)
at org.testng.SuiteRunner.privateRun(SuiteRunner.java:332)
at org.testng.SuiteRunner.run(SuiteRunner.java:276)
at org.testng.SuiteRunnerWorker.runSuite(SuiteRunnerWorker.java:53)
at org.testng.SuiteRunnerWorker.run(SuiteRunnerWorker.java:96)
at org.testng.TestNG.runSuitesSequentially(TestNG.java:1212)
at org.testng.TestNG.runSuitesLocally(TestNG.java:1134)
at org.testng.TestNG.runSuites(TestNG.java:1063)
at org.testng.TestNG.run(TestNG.java:1031)
at org.testng.remote.AbstractRemoteTestNG.run(AbstractRemoteTestNG.java:115)
at org.testng.remote.RemoteTestNG.initAndRun(RemoteTestNG.java:293)
at org.testng.remote.RemoteTestNG.main(RemoteTestNG.java:91)
]]>
    </error>
  </testcase> <!-- be4method -->
  <system-out/>
  <testcase classname="taste.Runner.ProductPageTest" name="ProductpageTest1" time="0.000">
    <skipped/>
  </testcase> <!-- ProductpageTest1 -->
  <system-out/>
  <testcase classname="taste.Runner.ProductPageTest" name="ProductpageTest2" time="0.000">
    <skipped/>
  </testcase> <!-- ProductpageTest2 -->
  <system-out/>
  <testcase classname="taste.Runner.ProductPageTest" name="ProductpageTest3" time="0.000">
    <skipped/>
  </testcase> <!-- ProductpageTest3 -->
  <system-out/>
  <testcase classname="taste.Runner.ProductPageTest" name="ProductpageTest4" time="0.000">
    <skipped/>
  </testcase> <!-- ProductpageTest4 -->
  <system-out/>
  <testcase classname="taste.Runner.ProductPageTest" name="ProductpageTest5" time="0.000">
    <skipped/>
  </testcase> <!-- ProductpageTest5 -->
  <system-out/>
  <testcase classname="taste.Runner.ProductPageTest" name="ProductpageTest6" time="0.000">
    <skipped/>
  </testcase> <!-- ProductpageTest6 -->
  <system-out/>
  <testcase classname="taste.Runner.ProductPageTest" name="ProductpageTest7" time="0.000">
    <skipped/>
  </testcase> <!-- ProductpageTest7 -->
  <system-out/>
  <testcase classname="taste.Runner.ProductPageTest" name="ProductpageTest8" time="0.000">
    <skipped/>
  </testcase> <!-- ProductpageTest8 -->
  <system-out/>
  <testcase classname="taste.Runner.ProductPageTest" name="ProductpageTest9" time="0.000">
    <skipped/>
  </testcase> <!-- ProductpageTest9 -->
  <system-out/>
</testsuite> <!-- taste.Runner.ProductPageTest -->
